SF:/workspace/rust-basic-api/src/config.rs
FN:14,_RNvMNtCslsEVk0pYaab_14rust_basic_api6configNtB2_6Config8from_env
FN:21,_RNCNvMNtCslsEVk0pYaab_14rust_basic_api6configNtB4_6Config8from_env0B6_
FN:21,_RNCNvMNtCs6boSF8wkUQZ_14rust_basic_api6configNtB4_6Config8from_env0B6_
FN:14,_RNvMNtCs6boSF8wkUQZ_14rust_basic_api6configNtB2_6Config8from_env
FN:21,_RNCNvMNtCsekP9CPzv6RL_14rust_basic_api6configNtB4_6Config8from_env0B6_
FN:14,_RNvMNtCsekP9CPzv6RL_14rust_basic_api6configNtB2_6Config8from_env
FN:14,_RNvMNtCs8R353INSiVf_14rust_basic_api6configNtB2_6Config8from_env
FN:21,_RNCNvMNtCs8R353INSiVf_14rust_basic_api6configNtB4_6Config8from_env0B6_
FNDA:10,_RNvMNtCslsEVk0pYaab_14rust_basic_api6configNtB2_6Config8from_env
FNDA:2,_RNCNvMNtCslsEVk0pYaab_14rust_basic_api6configNtB4_6Config8from_env0B6_
FNDA:0,_RNCNvMNtCs6boSF8wkUQZ_14rust_basic_api6configNtB4_6Config8from_env0B6_
FNDA:0,_RNvMNtCs6boSF8wkUQZ_14rust_basic_api6configNtB2_6Config8from_env
FNDA:0,_RNCNvMNtCsekP9CPzv6RL_14rust_basic_api6configNtB4_6Config8from_env0B6_
FNDA:0,_RNvMNtCsekP9CPzv6RL_14rust_basic_api6configNtB2_6Config8from_env
FNDA:0,_RNvMNtCs8R353INSiVf_14rust_basic_api6configNtB2_6Config8from_env
FNDA:0,_RNCNvMNtCs8R353INSiVf_14rust_basic_api6configNtB4_6Config8from_env0B6_
FNF:2
FNH:2
DA:14,10
DA:15,10
DA:17,9
DA:18,10
DA:20,9
DA:21,9
DA:22,9
DA:23,9
DA:25,5
DA:26,5
DA:27,5
DA:28,5
DA:29,10
BRF:0
BRH:0
LF:14
LH:14
end_of_record
SF:/workspace/rust-basic-api/src/error.rs
FN:19,_RNvXNtCs6boSF8wkUQZ_14rust_basic_api5errorNtB2_8ApiErrorNtNtNtCsa5lwcUstxPG_9axum_core8response13into_response12IntoResponse13into_response
FN:19,_RNvXNtCsekP9CPzv6RL_14rust_basic_api5errorNtB2_8ApiErrorNtNtNtCsa5lwcUstxPG_9axum_core8response13into_response12IntoResponse13into_response
FN:19,_RNvXNtCs8R353INSiVf_14rust_basic_api5errorNtB2_8ApiErrorNtNtNtCsa5lwcUstxPG_9axum_core8response13into_response12IntoResponse13into_response
FNDA:0,_RNvXNtCs6boSF8wkUQZ_14rust_basic_api5errorNtB2_8ApiErrorNtNtNtCsa5lwcUstxPG_9axum_core8response13into_response12IntoResponse13into_response
FNDA:0,_RNvXNtCsekP9CPzv6RL_14rust_basic_api5errorNtB2_8ApiErrorNtNtNtCsa5lwcUstxPG_9axum_core8response13into_response12IntoResponse13into_response
FNDA:0,_RNvXNtCs8R353INSiVf_14rust_basic_api5errorNtB2_8ApiErrorNtNtNtCsa5lwcUstxPG_9axum_core8response13into_response12IntoResponse13into_response
FNF:1
FNH:0
DA:19,0
DA:20,0
DA:21,0
DA:22,0
DA:23,0
DA:25,0
DA:26,0
DA:27,0
DA:31,0
DA:32,0
BRF:0
BRH:0
LF:10
LH:0
end_of_record
SF:/workspace/rust-basic-api/src/main.rs
FN:19,_RNCNCNvCsekP9CPzv6RL_14rust_basic_api4main00B5_
FN:41,_RNCNvCsekP9CPzv6RL_14rust_basic_api12health_check0B3_
FN:14,_RNCNvCsekP9CPzv6RL_14rust_basic_api4main0B3_
FN:41,_RNvCsekP9CPzv6RL_14rust_basic_api12health_check
FN:14,_RNvCsekP9CPzv6RL_14rust_basic_api4main
FN:19,_RNCNCNvCs8R353INSiVf_14rust_basic_api4main00B5_
FN:41,_RNCNvCs8R353INSiVf_14rust_basic_api12health_check0B3_
FN:14,_RNCNvCs8R353INSiVf_14rust_basic_api4main0B3_
FN:41,_RNvCs8R353INSiVf_14rust_basic_api12health_check
FN:14,_RNvCs8R353INSiVf_14rust_basic_api4main
FNDA:0,_RNCNCNvCsekP9CPzv6RL_14rust_basic_api4main00B5_
FNDA:0,_RNCNvCsekP9CPzv6RL_14rust_basic_api12health_check0B3_
FNDA:0,_RNCNvCsekP9CPzv6RL_14rust_basic_api4main0B3_
FNDA:0,_RNvCsekP9CPzv6RL_14rust_basic_api12health_check
FNDA:0,_RNvCsekP9CPzv6RL_14rust_basic_api4main
FNDA:0,_RNCNCNvCs8R353INSiVf_14rust_basic_api4main00B5_
FNDA:0,_RNCNvCs8R353INSiVf_14rust_basic_api12health_check0B3_
FNDA:0,_RNCNvCs8R353INSiVf_14rust_basic_api4main0B3_
FNDA:0,_RNvCs8R353INSiVf_14rust_basic_api12health_check
FNDA:0,_RNvCs8R353INSiVf_14rust_basic_api4main
FNF:5
FNH:0
DA:14,0
DA:16,0
DA:17,0
DA:18,0
DA:19,0
DA:21,0
DA:22,0
DA:25,0
DA:26,0
DA:29,0
DA:32,0
DA:33,0
DA:35,0
DA:36,0
DA:38,0
DA:39,0
DA:41,0
DA:42,0
DA:43,0
BRF:0
BRH:0
LF:23
LH:0
end_of_record